Started GET "/" for 127.0.0.1 at 2018-06-26 14:28:23 +0200
  
PG::ConnectionBad (could not connect to server: No such file or directory
	Is the server running locally and accepting
	connections on Unix domain socket "/tmp/.s.PGSQL.5432"?
):
  
pg (1.0.0) lib/pg.rb:56:in `initialize'
pg (1.0.0) lib/pg.rb:56:in `new'
pg (1.0.0) lib/pg.rb:56:in `connect'
activerecord (5.0.7) lib/active_record/connection_adapters/postgresql_adapter.rb:673:in `connect'
activerecord (5.0.7) lib/active_record/connection_adapters/postgresql_adapter.rb:217:in `initialize'
activerecord (5.0.7) lib/active_record/connection_adapters/postgresql_adapter.rb:37:in `new'
activerecord (5.0.7) lib/active_record/connection_adapters/postgresql_adapter.rb:37:in `postgresql_connection'
activerecord (5.0.7) lib/active_record/connection_adapters/abstract/connection_pool.rb:729:in `new_connection'
activerecord (5.0.7) lib/active_record/connection_adapters/abstract/connection_pool.rb:773:in `checkout_new_connection'
activerecord (5.0.7) lib/active_record/connection_adapters/abstract/connection_pool.rb:752:in `try_to_checkout_new_connection'
activerecord (5.0.7) lib/active_record/connection_adapters/abstract/connection_pool.rb:713:in `acquire_connection'
activerecord (5.0.7) lib/active_record/connection_adapters/abstract/connection_pool.rb:490:in `checkout'
activerecord (5.0.7) lib/active_record/connection_adapters/abstract/connection_pool.rb:364:in `connection'
activerecord (5.0.7) lib/active_record/connection_adapters/abstract/connection_pool.rb:883:in `retrieve_connection'
activerecord (5.0.7) lib/active_record/connection_handling.rb:128:in `retrieve_connection'
activerecord (5.0.7) lib/active_record/connection_handling.rb:91:in `connection'
activerecord (5.0.7) lib/active_record/migration.rb:559:in `connection'
activerecord (5.0.7) lib/active_record/migration.rb:546:in `call'
actionpack (5.0.7) lib/action_dispatch/middleware/callbacks.rb:38:in `block in call'
activesupport (5.0.7) lib/active_support/callbacks.rb:97:in `__run_callbacks__'
activesupport (5.0.7) lib/active_support/callbacks.rb:750:in `_run_call_callbacks'
activesupport (5.0.7) lib/active_support/callbacks.rb:90:in `run_callbacks'
actionpack (5.0.7) lib/action_dispatch/middleware/callbacks.rb:36:in `call'
actionpack (5.0.7) lib/action_dispatch/middleware/executor.rb:12:in `call'
actionpack (5.0.7) lib/action_dispatch/middleware/remote_ip.rb:79:in `call'
actionpack (5.0.7) lib/action_dispatch/middleware/debug_exceptions.rb:49:in `call'
web-console (3.6.2) lib/web_console/middleware.rb:135:in `call_app'
web-console (3.6.2) lib/web_console/middleware.rb:30:in `block in call'
web-console (3.6.2) lib/web_console/middleware.rb:20:in `catch'
web-console (3.6.2) lib/web_console/middleware.rb:20:in `call'
actionpack (5.0.7) lib/action_dispatch/middleware/show_exceptions.rb:31:in `call'
railties (5.0.7) lib/rails/rack/logger.rb:36:in `call_app'
railties (5.0.7) lib/rails/rack/logger.rb:24:in `block in call'
activesupport (5.0.7) lib/active_support/tagged_logging.rb:69:in `block in tagged'
activesupport (5.0.7) lib/active_support/tagged_logging.rb:26:in `tagged'
activesupport (5.0.7) lib/active_support/tagged_logging.rb:69:in `tagged'
railties (5.0.7) lib/rails/rack/logger.rb:24:in `call'
sprockets-rails (3.2.1) lib/sprockets/rails/quiet_assets.rb:13:in `call'
actionpack (5.0.7) lib/action_dispatch/middleware/request_id.rb:24:in `call'
rack (2.0.5) lib/rack/method_override.rb:22:in `call'
rack (2.0.5) lib/rack/runtime.rb:22:in `call'
activesupport (5.0.7) lib/active_support/cache/strategy/local_cache_middleware.rb:28:in `call'
actionpack (5.0.7) lib/action_dispatch/middleware/executor.rb:12:in `call'
actionpack (5.0.7) lib/action_dispatch/middleware/static.rb:136:in `call'
rack (2.0.5) lib/rack/sendfile.rb:111:in `call'
railties (5.0.7) lib/rails/engine.rb:522:in `call'
puma (3.11.4) lib/puma/configuration.rb:225:in `call'
puma (3.11.4) lib/puma/server.rb:632:in `handle_request'
puma (3.11.4) lib/puma/server.rb:446:in `process_client'
puma (3.11.4) lib/puma/server.rb:306:in `block in run'
puma (3.11.4) lib/puma/thread_pool.rb:120:in `block in spawn_thread'
  Rendering /Users/nicola/.rvm/gems/ruby-2.3.5/gems/actionpack-5.0.7/lib/action_dispatch/middleware/templates/rescues/diagnostics.html.erb within rescues/layout
  Rendering /Users/nicola/.rvm/gems/ruby-2.3.5/gems/actionpack-5.0.7/lib/action_dispatch/middleware/templates/rescues/_source.html.erb
  Rendered /Users/nicola/.rvm/gems/ruby-2.3.5/gems/actionpack-5.0.7/lib/action_dispatch/middleware/templates/rescues/_source.html.erb (2.8ms)
  Rendering /Users/nicola/.rvm/gems/ruby-2.3.5/gems/actionpack-5.0.7/lib/action_dispatch/middleware/templates/rescues/_trace.html.erb
  Rendered /Users/nicola/.rvm/gems/ruby-2.3.5/gems/actionpack-5.0.7/lib/action_dispatch/middleware/templates/rescues/_trace.html.erb (1.5ms)
  Rendering /Users/nicola/.rvm/gems/ruby-2.3.5/gems/actionpack-5.0.7/lib/action_dispatch/middleware/templates/rescues/_request_and_response.html.erb
  Rendered /Users/nicola/.rvm/gems/ruby-2.3.5/gems/actionpack-5.0.7/lib/action_dispatch/middleware/templates/rescues/_request_and_response.html.erb (1.0ms)
  Rendered /Users/nicola/.rvm/gems/ruby-2.3.5/gems/actionpack-5.0.7/lib/action_dispatch/middleware/templates/rescues/diagnostics.html.erb within rescues/layout (135.1ms)
Started GET "/" for 127.0.0.1 at 2018-06-26 14:31:40 +0200
  
AbstractController::ActionNotFound (The action 'index' could not be found for HomeController):
  
actionpack (5.0.7) lib/abstract_controller/base.rb:121:in `process'
actionview (5.0.7) lib/action_view/rendering.rb:30:in `process'
actionpack (5.0.7) lib/action_controller/metal.rb:190:in `dispatch'
actionpack (5.0.7) lib/action_controller/metal.rb:262:in `dispatch'
actionpack (5.0.7) lib/action_dispatch/routing/route_set.rb:50:in `dispatch'
actionpack (5.0.7) lib/action_dispatch/routing/route_set.rb:32:in `serve'
actionpack (5.0.7) lib/action_dispatch/journey/router.rb:39:in `block in serve'
actionpack (5.0.7) lib/action_dispatch/journey/router.rb:26:in `each'
actionpack (5.0.7) lib/action_dispatch/journey/router.rb:26:in `serve'
actionpack (5.0.7) lib/action_dispatch/routing/route_set.rb:727:in `call'
rack (2.0.5) lib/rack/etag.rb:25:in `call'
rack (2.0.5) lib/rack/conditional_get.rb:25:in `call'
rack (2.0.5) lib/rack/head.rb:12:in `call'
rack (2.0.5) lib/rack/session/abstract/id.rb:232:in `context'
rack (2.0.5) lib/rack/session/abstract/id.rb:226:in `call'
actionpack (5.0.7) lib/action_dispatch/middleware/cookies.rb:613:in `call'
activerecord (5.0.7) lib/active_record/migration.rb:553:in `call'
actionpack (5.0.7) lib/action_dispatch/middleware/callbacks.rb:38:in `block in call'
activesupport (5.0.7) lib/active_support/callbacks.rb:97:in `__run_callbacks__'
activesupport (5.0.7) lib/active_support/callbacks.rb:750:in `_run_call_callbacks'
activesupport (5.0.7) lib/active_support/callbacks.rb:90:in `run_callbacks'
actionpack (5.0.7) lib/action_dispatch/middleware/callbacks.rb:36:in `call'
actionpack (5.0.7) lib/action_dispatch/middleware/executor.rb:12:in `call'
actionpack (5.0.7) lib/action_dispatch/middleware/remote_ip.rb:79:in `call'
actionpack (5.0.7) lib/action_dispatch/middleware/debug_exceptions.rb:49:in `call'
web-console (3.6.2) lib/web_console/middleware.rb:135:in `call_app'
web-console (3.6.2) lib/web_console/middleware.rb:30:in `block in call'
web-console (3.6.2) lib/web_console/middleware.rb:20:in `catch'
web-console (3.6.2) lib/web_console/middleware.rb:20:in `call'
actionpack (5.0.7) lib/action_dispatch/middleware/show_exceptions.rb:31:in `call'
railties (5.0.7) lib/rails/rack/logger.rb:36:in `call_app'
railties (5.0.7) lib/rails/rack/logger.rb:24:in `block in call'
activesupport (5.0.7) lib/active_support/tagged_logging.rb:69:in `block in tagged'
activesupport (5.0.7) lib/active_support/tagged_logging.rb:26:in `tagged'
activesupport (5.0.7) lib/active_support/tagged_logging.rb:69:in `tagged'
railties (5.0.7) lib/rails/rack/logger.rb:24:in `call'
sprockets-rails (3.2.1) lib/sprockets/rails/quiet_assets.rb:13:in `call'
actionpack (5.0.7) lib/action_dispatch/middleware/request_id.rb:24:in `call'
rack (2.0.5) lib/rack/method_override.rb:22:in `call'
rack (2.0.5) lib/rack/runtime.rb:22:in `call'
activesupport (5.0.7) lib/active_support/cache/strategy/local_cache_middleware.rb:28:in `call'
actionpack (5.0.7) lib/action_dispatch/middleware/executor.rb:12:in `call'
actionpack (5.0.7) lib/action_dispatch/middleware/static.rb:136:in `call'
rack (2.0.5) lib/rack/sendfile.rb:111:in `call'
railties (5.0.7) lib/rails/engine.rb:522:in `call'
puma (3.11.4) lib/puma/configuration.rb:225:in `call'
puma (3.11.4) lib/puma/server.rb:632:in `handle_request'
puma (3.11.4) lib/puma/server.rb:446:in `process_client'
puma (3.11.4) lib/puma/server.rb:306:in `block in run'
puma (3.11.4) lib/puma/thread_pool.rb:120:in `block in spawn_thread'
  Rendering /Users/nicola/.rvm/gems/ruby-2.3.5/gems/actionpack-5.0.7/lib/action_dispatch/middleware/templates/rescues/unknown_action.html.erb within rescues/layout
  Rendered /Users/nicola/.rvm/gems/ruby-2.3.5/gems/actionpack-5.0.7/lib/action_dispatch/middleware/templates/rescues/unknown_action.html.erb within rescues/layout (11.3ms)
Started GET "/" for 127.0.0.1 at 2018-06-26 14:31:59 +0200
Processing by HomeController#index as HTML
Completed 406 Not Acceptable in 98ms (ActiveRecord: 0.0ms)


  
ActionController::UnknownFormat (HomeController#index is missing a template for this request format and variant.

request.formats: ["text/html"]
request.variant: []

NOTE! For XHR/Ajax or API requests, this action would normally respond with 204 No Content: an empty white screen. Since you're loading it in a web browser, we assume that you expected to actually render a template, not nothing, so we're showing an error to be extra-clear. If you expect 204 No Content, carry on. That's what you'll get from an XHR or API request. Give it a shot.):
  
actionpack (5.0.7) lib/action_controller/metal/implicit_render.rb:56:in `default_render'
actionpack (5.0.7) lib/action_controller/metal/basic_implicit_render.rb:4:in `block in send_action'
actionpack (5.0.7) lib/action_controller/metal/basic_implicit_render.rb:4:in `tap'
actionpack (5.0.7) lib/action_controller/metal/basic_implicit_render.rb:4:in `send_action'
actionpack (5.0.7) lib/abstract_controller/base.rb:188:in `process_action'
actionpack (5.0.7) lib/action_controller/metal/rendering.rb:30:in `process_action'
actionpack (5.0.7) lib/abstract_controller/callbacks.rb:20:in `block in process_action'
activesupport (5.0.7) lib/active_support/callbacks.rb:126:in `call'
activesupport (5.0.7) lib/active_support/callbacks.rb:506:in `block (2 levels) in compile'
activesupport (5.0.7) lib/active_support/callbacks.rb:455:in `call'
activesupport (5.0.7) lib/active_support/callbacks.rb:101:in `__run_callbacks__'
activesupport (5.0.7) lib/active_support/callbacks.rb:750:in `_run_process_action_callbacks'
activesupport (5.0.7) lib/active_support/callbacks.rb:90:in `run_callbacks'
actionpack (5.0.7) lib/abstract_controller/callbacks.rb:19:in `process_action'
actionpack (5.0.7) lib/action_controller/metal/rescue.rb:20:in `process_action'
actionpack (5.0.7) lib/action_controller/metal/instrumentation.rb:32:in `block in process_action'
activesupport (5.0.7) lib/active_support/notifications.rb:164:in `block in instrument'
activesupport (5.0.7) lib/active_support/notifications/instrumenter.rb:21:in `instrument'
activesupport (5.0.7) lib/active_support/notifications.rb:164:in `instrument'
actionpack (5.0.7) lib/action_controller/metal/instrumentation.rb:30:in `process_action'
actionpack (5.0.7) lib/action_controller/metal/params_wrapper.rb:248:in `process_action'
activerecord (5.0.7) lib/active_record/railties/controller_runtime.rb:18:in `process_action'
actionpack (5.0.7) lib/abstract_controller/base.rb:126:in `process'
actionview (5.0.7) lib/action_view/rendering.rb:30:in `process'
actionpack (5.0.7) lib/action_controller/metal.rb:190:in `dispatch'
actionpack (5.0.7) lib/action_controller/metal.rb:262:in `dispatch'
actionpack (5.0.7) lib/action_dispatch/routing/route_set.rb:50:in `dispatch'
actionpack (5.0.7) lib/action_dispatch/routing/route_set.rb:32:in `serve'
actionpack (5.0.7) lib/action_dispatch/journey/router.rb:39:in `block in serve'
actionpack (5.0.7) lib/action_dispatch/journey/router.rb:26:in `each'
actionpack (5.0.7) lib/action_dispatch/journey/router.rb:26:in `serve'
actionpack (5.0.7) lib/action_dispatch/routing/route_set.rb:727:in `call'
rack (2.0.5) lib/rack/etag.rb:25:in `call'
rack (2.0.5) lib/rack/conditional_get.rb:25:in `call'
rack (2.0.5) lib/rack/head.rb:12:in `call'
rack (2.0.5) lib/rack/session/abstract/id.rb:232:in `context'
rack (2.0.5) lib/rack/session/abstract/id.rb:226:in `call'
actionpack (5.0.7) lib/action_dispatch/middleware/cookies.rb:613:in `call'
activerecord (5.0.7) lib/active_record/migration.rb:553:in `call'
actionpack (5.0.7) lib/action_dispatch/middleware/callbacks.rb:38:in `block in call'
activesupport (5.0.7) lib/active_support/callbacks.rb:97:in `__run_callbacks__'
activesupport (5.0.7) lib/active_support/callbacks.rb:750:in `_run_call_callbacks'
activesupport (5.0.7) lib/active_support/callbacks.rb:90:in `run_callbacks'
actionpack (5.0.7) lib/action_dispatch/middleware/callbacks.rb:36:in `call'
actionpack (5.0.7) lib/action_dispatch/middleware/executor.rb:12:in `call'
actionpack (5.0.7) lib/action_dispatch/middleware/remote_ip.rb:79:in `call'
actionpack (5.0.7) lib/action_dispatch/middleware/debug_exceptions.rb:49:in `call'
web-console (3.6.2) lib/web_console/middleware.rb:135:in `call_app'
web-console (3.6.2) lib/web_console/middleware.rb:30:in `block in call'
web-console (3.6.2) lib/web_console/middleware.rb:20:in `catch'
web-console (3.6.2) lib/web_console/middleware.rb:20:in `call'
actionpack (5.0.7) lib/action_dispatch/middleware/show_exceptions.rb:31:in `call'
railties (5.0.7) lib/rails/rack/logger.rb:36:in `call_app'
railties (5.0.7) lib/rails/rack/logger.rb:24:in `block in call'
activesupport (5.0.7) lib/active_support/tagged_logging.rb:69:in `block in tagged'
activesupport (5.0.7) lib/active_support/tagged_logging.rb:26:in `tagged'
activesupport (5.0.7) lib/active_support/tagged_logging.rb:69:in `tagged'
railties (5.0.7) lib/rails/rack/logger.rb:24:in `call'
sprockets-rails (3.2.1) lib/sprockets/rails/quiet_assets.rb:13:in `call'
actionpack (5.0.7) lib/action_dispatch/middleware/request_id.rb:24:in `call'
rack (2.0.5) lib/rack/method_override.rb:22:in `call'
rack (2.0.5) lib/rack/runtime.rb:22:in `call'
activesupport (5.0.7) lib/active_support/cache/strategy/local_cache_middleware.rb:28:in `call'
actionpack (5.0.7) lib/action_dispatch/middleware/executor.rb:12:in `call'
actionpack (5.0.7) lib/action_dispatch/middleware/static.rb:136:in `call'
rack (2.0.5) lib/rack/sendfile.rb:111:in `call'
railties (5.0.7) lib/rails/engine.rb:522:in `call'
puma (3.11.4) lib/puma/configuration.rb:225:in `call'
puma (3.11.4) lib/puma/server.rb:632:in `handle_request'
puma (3.11.4) lib/puma/server.rb:446:in `process_client'
puma (3.11.4) lib/puma/server.rb:306:in `block in run'
puma (3.11.4) lib/puma/thread_pool.rb:120:in `block in spawn_thread'
  Rendering /Users/nicola/.rvm/gems/ruby-2.3.5/gems/actionpack-5.0.7/lib/action_dispatch/middleware/templates/rescues/diagnostics.html.erb within rescues/layout
  Rendering /Users/nicola/.rvm/gems/ruby-2.3.5/gems/actionpack-5.0.7/lib/action_dispatch/middleware/templates/rescues/_source.html.erb
  Rendered /Users/nicola/.rvm/gems/ruby-2.3.5/gems/actionpack-5.0.7/lib/action_dispatch/middleware/templates/rescues/_source.html.erb (3.1ms)
  Rendering /Users/nicola/.rvm/gems/ruby-2.3.5/gems/actionpack-5.0.7/lib/action_dispatch/middleware/templates/rescues/_trace.html.erb
  Rendered /Users/nicola/.rvm/gems/ruby-2.3.5/gems/actionpack-5.0.7/lib/action_dispatch/middleware/templates/rescues/_trace.html.erb (2.1ms)
  Rendering /Users/nicola/.rvm/gems/ruby-2.3.5/gems/actionpack-5.0.7/lib/action_dispatch/middleware/templates/rescues/_request_and_response.html.erb
  Rendered /Users/nicola/.rvm/gems/ruby-2.3.5/gems/actionpack-5.0.7/lib/action_dispatch/middleware/templates/rescues/_request_and_response.html.erb (1.5ms)
  Rendered /Users/nicola/.rvm/gems/ruby-2.3.5/gems/actionpack-5.0.7/lib/action_dispatch/middleware/templates/rescues/diagnostics.html.erb within rescues/layout (122.1ms)
Started GET "/" for 127.0.0.1 at 2018-06-26 14:32:41 +0200
Processing by HomeController#index as HTML
  Rendering home/index.html.erb within layouts/application
  Rendered home/index.html.erb within layouts/application (0.4ms)
Completed 200 OK in 1106ms (Views: 1102.3ms | ActiveRecord: 0.0ms)


Started GET "/" for 127.0.0.1 at 2018-06-26 14:33:06 +0200
Processing by HomeController#index as HTML
  Rendering home/index.html.erb within layouts/application
  Rendered home/index.html.erb within layouts/application (3.4ms)
Completed 200 OK in 413ms (Views: 395.2ms | ActiveRecord: 0.0ms)


Started GET "/" for 127.0.0.1 at 2018-06-28 10:42:49 +0200
Processing by HomeController#index as HTML
  Rendering home/index.html.erb within layouts/application
  Rendered home/index.html.erb within layouts/application (3.9ms)
Completed 200 OK in 295ms (Views: 276.0ms | ActiveRecord: 0.0ms)


